Command line:
   poorten_isim_par.exe
     -simmode  gui
     -sdfmax  /poorten/=netgen/par/poorten_timesim.sdf
     -sdfroot  /
     -simrunnum  0
     -socket  61895

Thu Oct 27 14:45:46 2016


 Elaboration Time: 0.03125 sec

 Current Memory Usage: 840.954 Meg

 Total Signals          : 172
 Total Nets             : 110
 Total Signal Drivers   : 71
 Total Blocks           : 51
 Total Primitive Blocks : 29
 Total Processes        : 71
 Total Traceable Variables  : 270
 Total Scalar Nets and Variables : 5402
Total Line Count : 298

 Total Simulation Time: 0.140625 sec

 Current Memory Usage: 840.954 Meg

Thu Oct 27 14:46:13 2016

